Starting project at D:\站桩APP\zhan-zhuang-mvp
Starting Metro Bundler

warning: Bundler cache is empty, rebuilding (this may take a minute)
Waiting on http://localhost:8083
Logs for your project will appear below.
| (node:28964) Warning: The 'NO_COLOR' env is ignored due to the 'FORCE_COLOR' env being set.
| (Use `node --trace-warnings ...` to show where the warning was created)
| (node:28964) Warning: The 'NO_COLOR' env is ignored due to the 'FORCE_COLOR' env being set.
| (Use `node --trace-warnings ...` to show where the warning was created)
| (node:28964) Warning: The 'NO_COLOR' env is ignored due to the 'FORCE_COLOR' env being set.
| (Use `node --trace-warnings ...` to show where the warning was created)
| (node:28964) Warning: The 'NO_COLOR' env is ignored due to the 'FORCE_COLOR' env being set.
| (Use `node --trace-warnings ...` to show where the warning was created)
| (node:28964) Warning: The 'NO_COLOR' env is ignored due to the 'FORCE_COLOR' env being set.
| (Use `node --trace-warnings ...` to show where the warning was created)
| (node:28964) Warning: The 'NO_COLOR' env is ignored due to the 'FORCE_COLOR' env being set.
| (Use `node --trace-warnings ...` to show where the warning was created)
| (node:28964) Warning: The 'NO_COLOR' env is ignored due to the 'FORCE_COLOR' env being set.
| (Use `node --trace-warnings ...` to show where the warning was created)
| (node:28964) Warning: The 'NO_COLOR' env is ignored due to the 'FORCE_COLOR' env being set.
| (Use `node --trace-warnings ...` to show where the warning was created)
| (node:28964) Warning: The 'NO_COLOR' env is ignored due to the 'FORCE_COLOR' env being set.
| (Use `node --trace-warnings ...` to show where the warning was created)
| (node:28964) Warning: The 'NO_COLOR' env is ignored due to the 'FORCE_COLOR' env being set.
| (Use `node --trace-warnings ...` to show where the warning was created)
| (node:28964) Warning: The 'NO_COLOR' env is ignored due to the 'FORCE_COLOR' env being set.
| (Use `node --trace-warnings ...` to show where the warning was created)
Android Bundled 9308ms index.ts (2649 modules)
Android Bundled 8924ms index.ts (2679 modules)
Android Bundled 1037ms index.ts (1 module)
Android Bundled 691ms index.ts (1 module)
Android Bundled 487ms index.ts (1 module)
Android Bundled 956ms index.ts (1 module)
Android Bundled 713ms index.ts (1 module)
Android Bundled 93ms index.ts (1 module)
Android Bundled 245ms index.ts (1 module)
Android Bundled 58ms index.ts (1 module)
Android Bundled 135ms index.ts (1 module)
Android Bundled 49ms index.ts (1 module)
Android Bundled 47ms index.ts (1 module)
Android Bundled 93ms index.ts (1 module)
Android Bundled 811ms index.ts (1 module)
Android Bundled 8655ms index.ts (1 module)
Android Bundled 529ms index.ts (1 module)
Android Bundled 7010ms index.ts (1 module)
Android Bundled 466ms index.ts (1 module)
Android Bundled 661ms index.ts (1 module)
Android Bundled 107ms index.ts (1 module)
Android Bundled 48ms index.ts (1 module)
Android Bundled 115ms index.ts (1 module)
Android Bundled 1151ms index.ts (1 module)
Android Bundled 15813ms index.ts (1 module)
Android Bundled 6062ms index.ts (1 module)
Android Bundled 598ms index.ts (1 module)
Android Bundled 70ms index.ts (1 module)
Android Bundled 61ms index.ts (1 module)
